<?xml version="1.0" encoding="UTF-8"?>
<testng-results ignored="0" total="1" passed="1" failed="0" skipped="0">
  <reporter-output>
  </reporter-output>
  <suite started-at="2025-02-06T10:41:14 EST" name="Default suite" finished-at="2025-02-06T10:41:16 EST" duration-ms="2509">
    <groups>
    </groups>
    <test started-at="2025-02-06T10:41:14 EST" name="Default test" finished-at="2025-02-06T10:41:16 EST" duration-ms="2509">
      <class name="com.testNg.ApiTesting.GETMethodTests">
        <test-method signature="getAllPosts()[pri:0, instance:com.testNg.ApiTesting.GETMethodTests@72a7c7e0]" started-at="2025-02-06T10:41:14 EST" name="getAllPosts" finished-at="2025-02-06T10:41:16 EST" duration-ms="2449" status="PASS">
          <reporter-output>
          </reporter-output>
        </test-method> <!-- getAllPosts -->
      </class> <!-- com.testNg.ApiTesting.GETMethodTests -->
    </test> <!-- Default test -->
  </suite> <!-- Default suite -->
</testng-results>
